API endpoint: http://localhost:8080
If you are using a library that supports the FIRESTORE_EMULATOR_HOST environment variable, run:

   export FIRESTORE_EMULATOR_HOST=localhost:8080

Dev App Server is now running.

May 01, 2020 12:39:27 PM io.gapi.emulators.netty.HttpVersionRoutingHandler channelRead
INFO: Detected HTTP/2 connection.
May 01, 2020 12:39:28 PM com.google.cloud.datastore.emulator.impl.util.WrappedStreamObserver onError
INFO: operation failed: 
false for 'update' @ L9, false for 'update' @ L20
May 01, 2020 12:39:28 PM com.google.cloud.datastore.emulator.impl.util.WrappedStreamObserver onError
INFO: operation failed: 
false for 'delete' @ L9, Service call error. Function: [get], Argument: [path_value {
  segments {
    simple: "databases"
  }
  segments {
    simple: "(default)"
  }
  segments {
    simple: "documents"
  }
  segments {
    simple: "users"
  }
  segments {
    simple: "danefilled"
  }
}
]. for 'delete' @ L21
May 01, 2020 12:39:28 PM com.google.cloud.datastore.emulator.impl.util.WrappedStreamObserver onError
INFO: operation failed: 
false for 'delete' @ L9, false for 'delete' @ L21
May 01, 2020 12:39:28 PM com.google.cloud.datastore.emulator.impl.util.WrappedStreamObserver onError
INFO: operation failed: 
false for 'create' @ L9, Null value error. for 'create' @ L22
May 01, 2020 12:39:49 PM io.gapi.emulators.netty.HttpVersionRoutingHandler channelRead
INFO: Detected HTTP/2 connection.
May 01, 2020 12:39:49 PM com.google.cloud.datastore.emulator.impl.util.WrappedStreamObserver onError
INFO: operation failed: 
false for 'update' @ L9
May 01, 2020 12:39:50 PM com.google.cloud.datastore.emulator.impl.util.WrappedStreamObserver onError
INFO: operation failed: 
false for 'delete' @ L9
May 01, 2020 12:39:50 PM com.google.cloud.datastore.emulator.impl.util.WrappedStreamObserver onError
INFO: operation failed: 
false for 'delete' @ L9
May 01, 2020 12:39:50 PM com.google.cloud.datastore.emulator.impl.util.WrappedStreamObserver onError
INFO: operation failed: 
false for 'delete' @ L9
May 01, 2020 12:39:50 PM com.google.cloud.datastore.emulator.impl.util.WrappedStreamObserver onError
INFO: operation failed: 
false for 'create' @ L9
May 01, 2020 12:39:50 PM com.google.cloud.datastore.emulator.impl.util.WrappedStreamObserver onError
INFO: operation failed: 
false for 'create' @ L9
May 01, 2020 12:51:07 PM io.gapi.emulators.netty.HttpVersionRoutingHandler channelRead
INFO: Detected HTTP/2 connection.
May 01, 2020 12:51:07 PM com.google.cloud.datastore.emulator.impl.util.WrappedStreamObserver onError
INFO: operation failed: Error compiling rules:
L21:5 Unexpected '}'.
May 01, 2020 12:51:07 PM com.google.cloud.datastore.emulator.impl.util.WrappedStreamObserver onError
INFO: operation failed: Error compiling rules:
L21:5 Unexpected '}'.
May 01, 2020 12:51:07 PM com.google.cloud.datastore.emulator.impl.util.WrappedStreamObserver onError
INFO: operation failed: Error compiling rules:
L21:5 Unexpected '}'.
May 01, 2020 12:51:07 PM com.google.cloud.datastore.emulator.impl.util.WrappedStreamObserver onError
INFO: operation failed: Error compiling rules:
L21:5 Unexpected '}'.
May 01, 2020 12:51:07 PM com.google.cloud.datastore.emulator.impl.util.WrappedStreamObserver onError
INFO: operation failed: Error compiling rules:
L21:5 Unexpected '}'.
May 01, 2020 12:51:07 PM com.google.cloud.datastore.emulator.impl.util.WrappedStreamObserver onError
INFO: operation failed: Error compiling rules:
L21:5 Unexpected '}'.
May 01, 2020 12:51:07 PM com.google.cloud.datastore.emulator.impl.util.WrappedStreamObserver onError
INFO: operation failed: Error compiling rules:
L21:5 Unexpected '}'.
May 01, 2020 12:51:07 PM com.google.cloud.datastore.emulator.impl.util.WrappedStreamObserver onError
INFO: operation failed: Error compiling rules:
L21:5 Unexpected '}'.
May 01, 2020 12:51:22 PM io.gapi.emulators.netty.HttpVersionRoutingHandler channelRead
INFO: Detected HTTP/2 connection.
May 01, 2020 12:51:22 PM com.google.cloud.datastore.emulator.impl.util.WrappedStreamObserver onError
INFO: operation failed: Error compiling rules:
L21:5 The 'match' body must contain at least one declaration.
May 01, 2020 12:51:22 PM com.google.cloud.datastore.emulator.impl.util.WrappedStreamObserver onError
INFO: operation failed: Error compiling rules:
L21:5 The 'match' body must contain at least one declaration.
May 01, 2020 12:51:22 PM com.google.cloud.datastore.emulator.impl.util.WrappedStreamObserver onError
INFO: operation failed: Error compiling rules:
L21:5 The 'match' body must contain at least one declaration.
May 01, 2020 12:51:22 PM com.google.cloud.datastore.emulator.impl.util.WrappedStreamObserver onError
INFO: operation failed: Error compiling rules:
L21:5 The 'match' body must contain at least one declaration.
May 01, 2020 12:51:22 PM com.google.cloud.datastore.emulator.impl.util.WrappedStreamObserver onError
INFO: operation failed: Error compiling rules:
L21:5 The 'match' body must contain at least one declaration.
May 01, 2020 12:51:22 PM com.google.cloud.datastore.emulator.impl.util.WrappedStreamObserver onError
INFO: operation failed: Error compiling rules:
L21:5 The 'match' body must contain at least one declaration.
May 01, 2020 12:51:22 PM com.google.cloud.datastore.emulator.impl.util.WrappedStreamObserver onError
INFO: operation failed: Error compiling rules:
L21:5 The 'match' body must contain at least one declaration.
May 01, 2020 12:51:22 PM com.google.cloud.datastore.emulator.impl.util.WrappedStreamObserver onError
INFO: operation failed: Error compiling rules:
L21:5 The 'match' body must contain at least one declaration.
May 01, 2020 12:51:42 PM io.gapi.emulators.netty.HttpVersionRoutingHandler channelRead
INFO: Detected HTTP/2 connection.
May 01, 2020 12:51:43 PM com.google.cloud.datastore.emulator.impl.util.WrappedStreamObserver onError
INFO: operation failed: 
false for 'create' @ L9
May 01, 2020 12:51:43 PM com.google.cloud.datastore.emulator.impl.util.WrappedStreamObserver onError
INFO: operation failed: 
false for 'update' @ L9, false for 'update' @ L14
May 01, 2020 12:51:43 PM com.google.cloud.datastore.emulator.impl.util.WrappedStreamObserver onError
INFO: operation failed: 
false for 'delete' @ L9, Service call error. Function: [get], Argument: [path_value {
  segments {
    simple: "databases"
  }
  segments {
    simple: "(default)"
  }
  segments {
    simple: "documents"
  }
  segments {
    simple: "users"
  }
  segments {
    simple: "danefilled"
  }
}
]. for 'delete' @ L15
May 01, 2020 12:51:43 PM com.google.cloud.datastore.emulator.impl.util.WrappedStreamObserver onError
INFO: operation failed: 
false for 'delete' @ L9, false for 'delete' @ L15
May 01, 2020 12:51:43 PM com.google.cloud.datastore.emulator.impl.util.WrappedStreamObserver onError
INFO: operation failed: 
false for 'create' @ L9, Null value error. for 'create' @ L16
May 01, 2020 12:52:14 PM io.gapi.emulators.netty.HttpVersionRoutingHandler channelRead
INFO: Detected HTTP/2 connection.
May 01, 2020 12:52:14 PM com.google.cloud.datastore.emulator.impl.util.WrappedStreamObserver onError
INFO: operation failed: No matching allow statements
May 01, 2020 12:52:14 PM com.google.cloud.datastore.emulator.impl.util.WrappedStreamObserver onError
INFO: operation failed: 
false for 'update' @ L10
May 01, 2020 12:52:14 PM com.google.cloud.datastore.emulator.impl.util.WrappedStreamObserver onError
INFO: operation failed: 
Service call error. Function: [get], Argument: [path_value {
  segments {
    simple: "databases"
  }
  segments {
    simple: "(default)"
  }
  segments {
    simple: "documents"
  }
  segments {
    simple: "users"
  }
  segments {
    simple: "danefilled"
  }
}
]. for 'delete' @ L11
May 01, 2020 12:52:14 PM com.google.cloud.datastore.emulator.impl.util.WrappedStreamObserver onError
INFO: operation failed: 
false for 'delete' @ L11
May 01, 2020 12:52:14 PM com.google.cloud.datastore.emulator.impl.util.WrappedStreamObserver onError
INFO: operation failed: 
Null value error. for 'create' @ L12
May 01, 2020 12:52:36 PM io.gapi.emulators.netty.HttpVersionRoutingHandler channelRead
INFO: Detected HTTP/2 connection.
May 01, 2020 12:52:36 PM com.google.cloud.datastore.emulator.impl.util.WrappedStreamObserver onError
INFO: operation failed: Error compiling rules:
L18:5 The 'match' body must contain at least one declaration.
May 01, 2020 12:52:36 PM com.google.cloud.datastore.emulator.impl.util.WrappedStreamObserver onError
INFO: operation failed: Error compiling rules:
L18:5 The 'match' body must contain at least one declaration.
May 01, 2020 12:52:36 PM com.google.cloud.datastore.emulator.impl.util.WrappedStreamObserver onError
INFO: operation failed: Error compiling rules:
L18:5 The 'match' body must contain at least one declaration.
May 01, 2020 12:52:36 PM com.google.cloud.datastore.emulator.impl.util.WrappedStreamObserver onError
INFO: operation failed: Error compiling rules:
L18:5 The 'match' body must contain at least one declaration.
May 01, 2020 12:52:36 PM com.google.cloud.datastore.emulator.impl.util.WrappedStreamObserver onError
INFO: operation failed: Error compiling rules:
L18:5 The 'match' body must contain at least one declaration.
May 01, 2020 12:52:36 PM com.google.cloud.datastore.emulator.impl.util.WrappedStreamObserver onError
INFO: operation failed: Error compiling rules:
L18:5 The 'match' body must contain at least one declaration.
May 01, 2020 12:52:36 PM com.google.cloud.datastore.emulator.impl.util.WrappedStreamObserver onError
INFO: operation failed: Error compiling rules:
L18:5 The 'match' body must contain at least one declaration.
May 01, 2020 12:52:36 PM com.google.cloud.datastore.emulator.impl.util.WrappedStreamObserver onError
INFO: operation failed: Error compiling rules:
L18:5 The 'match' body must contain at least one declaration.
May 01, 2020 12:53:48 PM io.gapi.emulators.netty.HttpVersionRoutingHandler channelRead
INFO: Detected HTTP/2 connection.
May 01, 2020 12:53:48 PM com.google.cloud.datastore.emulator.impl.util.WrappedStreamObserver onError
INFO: operation failed: No matching allow statements
May 01, 2020 12:53:48 PM com.google.cloud.datastore.emulator.impl.util.WrappedStreamObserver onError
INFO: operation failed: 
false for 'update' @ L10
May 01, 2020 12:53:48 PM com.google.cloud.datastore.emulator.impl.util.WrappedStreamObserver onError
INFO: operation failed: 
Service call error. Function: [get], Argument: [path_value {
  segments {
    simple: "databases"
  }
  segments {
    simple: "(default)"
  }
  segments {
    simple: "documents"
  }
  segments {
    simple: "users"
  }
  segments {
    simple: "danefilled"
  }
}
]. for 'delete' @ L11
May 01, 2020 12:53:48 PM com.google.cloud.datastore.emulator.impl.util.WrappedStreamObserver onError
INFO: operation failed: 
false for 'delete' @ L11
May 01, 2020 12:53:48 PM com.google.cloud.datastore.emulator.impl.util.WrappedStreamObserver onError
INFO: operation failed: 
Null value error. for 'create' @ L12
May 01, 2020 12:55:16 PM io.gapi.emulators.netty.HttpVersionRoutingHandler channelRead
INFO: Detected HTTP/2 connection.
May 01, 2020 12:55:17 PM com.google.cloud.datastore.emulator.impl.util.WrappedStreamObserver onError
INFO: operation failed: No matching allow statements
May 01, 2020 12:55:17 PM com.google.cloud.datastore.emulator.impl.util.WrappedStreamObserver onError
INFO: operation failed: 
false for 'update' @ L10
May 01, 2020 12:55:17 PM com.google.cloud.datastore.emulator.impl.util.WrappedStreamObserver onError
INFO: operation failed: 
Service call error. Function: [get], Argument: [path_value {
  segments {
    simple: "databases"
  }
  segments {
    simple: "(default)"
  }
  segments {
    simple: "documents"
  }
  segments {
    simple: "users"
  }
  segments {
    simple: "danefilled"
  }
}
]. for 'delete' @ L11
May 01, 2020 12:55:17 PM com.google.cloud.datastore.emulator.impl.util.WrappedStreamObserver onError
INFO: operation failed: 
false for 'delete' @ L11
May 01, 2020 12:55:17 PM com.google.cloud.datastore.emulator.impl.util.WrappedStreamObserver onError
INFO: operation failed: 
Null value error. for 'create' @ L12
May 01, 2020 12:56:25 PM io.gapi.emulators.netty.HttpVersionRoutingHandler channelRead
INFO: Detected HTTP/2 connection.
May 01, 2020 12:56:25 PM com.google.cloud.datastore.emulator.impl.util.WrappedStreamObserver onError
INFO: operation failed: 
false for 'update' @ L10
May 01, 2020 12:56:25 PM com.google.cloud.datastore.emulator.impl.util.WrappedStreamObserver onError
INFO: operation failed: 
Service call error. Function: [get], Argument: [path_value {
  segments {
    simple: "databases"
  }
  segments {
    simple: "(default)"
  }
  segments {
    simple: "documents"
  }
  segments {
    simple: "users"
  }
  segments {
    simple: "danefilled"
  }
}
]. for 'delete' @ L11
May 01, 2020 12:56:25 PM com.google.cloud.datastore.emulator.impl.util.WrappedStreamObserver onError
INFO: operation failed: 
false for 'delete' @ L11
May 01, 2020 12:56:25 PM com.google.cloud.datastore.emulator.impl.util.WrappedStreamObserver onError
INFO: operation failed: 
Null value error. for 'create' @ L12
May 01, 2020 12:57:07 PM io.gapi.emulators.netty.HttpVersionRoutingHandler channelRead
INFO: Detected HTTP/2 connection.
May 01, 2020 12:57:07 PM com.google.cloud.datastore.emulator.impl.util.WrappedStreamObserver onError
INFO: operation failed: No matching allow statements
May 01, 2020 12:57:07 PM com.google.cloud.datastore.emulator.impl.util.WrappedStreamObserver onError
INFO: operation failed: 
false for 'update' @ L10
May 01, 2020 12:57:07 PM com.google.cloud.datastore.emulator.impl.util.WrappedStreamObserver onError
INFO: operation failed: 
Service call error. Function: [get], Argument: [path_value {
  segments {
    simple: "databases"
  }
  segments {
    simple: "(default)"
  }
  segments {
    simple: "documents"
  }
  segments {
    simple: "users"
  }
  segments {
    simple: "danefilled"
  }
}
]. for 'delete' @ L11
May 01, 2020 12:57:07 PM com.google.cloud.datastore.emulator.impl.util.WrappedStreamObserver onError
INFO: operation failed: 
false for 'delete' @ L11
May 01, 2020 12:57:07 PM com.google.cloud.datastore.emulator.impl.util.WrappedStreamObserver onError
INFO: operation failed: 
Null value error. for 'create' @ L12
May 01, 2020 12:59:31 PM io.gapi.emulators.netty.HttpVersionRoutingHandler channelRead
INFO: Detected HTTP/2 connection.
May 01, 2020 12:59:31 PM com.google.cloud.datastore.emulator.impl.util.WrappedStreamObserver onError
INFO: operation failed: 
false for 'create' @ L8
May 01, 2020 12:59:31 PM com.google.cloud.datastore.emulator.impl.util.WrappedStreamObserver onError
INFO: operation failed: 
false for 'update' @ L8, false for 'update' @ L16
May 01, 2020 12:59:31 PM com.google.cloud.datastore.emulator.impl.util.WrappedStreamObserver onError
INFO: operation failed: 
false for 'delete' @ L8, Service call error. Function: [get], Argument: [path_value {
  segments {
    simple: "databases"
  }
  segments {
    simple: "(default)"
  }
  segments {
    simple: "documents"
  }
  segments {
    simple: "users"
  }
  segments {
    simple: "danefilled"
  }
}
]. for 'delete' @ L17
May 01, 2020 12:59:32 PM com.google.cloud.datastore.emulator.impl.util.WrappedStreamObserver onError
INFO: operation failed: 
false for 'delete' @ L8, false for 'delete' @ L17
May 01, 2020 12:59:32 PM com.google.cloud.datastore.emulator.impl.util.WrappedStreamObserver onError
INFO: operation failed: 
false for 'create' @ L8, Null value error. for 'create' @ L18
May 01, 2020 12:59:57 PM io.gapi.emulators.netty.HttpVersionRoutingHandler channelRead
INFO: Detected HTTP/2 connection.
May 01, 2020 12:59:58 PM com.google.cloud.datastore.emulator.impl.util.WrappedStreamObserver onError
INFO: operation failed: 
false for 'create' @ L8
May 01, 2020 12:59:58 PM com.google.cloud.datastore.emulator.impl.util.WrappedStreamObserver onError
INFO: operation failed: 
false for 'update' @ L8, false for 'update' @ L16
May 01, 2020 12:59:58 PM com.google.cloud.datastore.emulator.impl.util.WrappedStreamObserver onError
INFO: operation failed: 
false for 'delete' @ L8, Service call error. Function: [get], Argument: [path_value {
  segments {
    simple: "databases"
  }
  segments {
    simple: "(default)"
  }
  segments {
    simple: "documents"
  }
  segments {
    simple: "users"
  }
  segments {
    simple: "danefilled"
  }
}
]. for 'delete' @ L17
May 01, 2020 12:59:58 PM com.google.cloud.datastore.emulator.impl.util.WrappedStreamObserver onError
INFO: operation failed: 
false for 'delete' @ L8, false for 'delete' @ L17
May 01, 2020 12:59:58 PM com.google.cloud.datastore.emulator.impl.util.WrappedStreamObserver onError
INFO: operation failed: 
false for 'create' @ L8, Null value error. for 'create' @ L18
May 01, 2020 1:01:27 PM io.gapi.emulators.netty.HttpVersionRoutingHandler channelRead
INFO: Detected HTTP/2 connection.
May 01, 2020 1:01:27 PM com.google.cloud.datastore.emulator.impl.util.WrappedStreamObserver onError
INFO: operation failed: 
false for 'create' @ L8
May 01, 2020 1:01:27 PM com.google.cloud.datastore.emulator.impl.util.WrappedStreamObserver onError
INFO: operation failed: 
false for 'update' @ L8, false for 'update' @ L16
May 01, 2020 1:01:27 PM com.google.cloud.datastore.emulator.impl.util.WrappedStreamObserver onError
INFO: operation failed: 
false for 'delete' @ L8, Service call error. Function: [get], Argument: [path_value {
  segments {
    simple: "databases"
  }
  segments {
    simple: "(default)"
  }
  segments {
    simple: "documents"
  }
  segments {
    simple: "users"
  }
  segments {
    simple: "danefilled"
  }
}
]. for 'delete' @ L17
May 01, 2020 1:01:27 PM com.google.cloud.datastore.emulator.impl.util.WrappedStreamObserver onError
INFO: operation failed: 
false for 'delete' @ L8, false for 'delete' @ L17
May 01, 2020 1:01:27 PM com.google.cloud.datastore.emulator.impl.util.WrappedStreamObserver onError
INFO: operation failed: 
false for 'create' @ L8, Null value error. for 'create' @ L18
May 01, 2020 1:03:05 PM io.gapi.emulators.netty.HttpVersionRoutingHandler channelRead
INFO: Detected HTTP/2 connection.
May 01, 2020 1:03:06 PM com.google.cloud.datastore.emulator.impl.util.WrappedStreamObserver onError
INFO: operation failed: 
false for 'create' @ L8
May 01, 2020 1:03:06 PM com.google.cloud.datastore.emulator.impl.util.WrappedStreamObserver onError
INFO: operation failed: 
false for 'update' @ L8, false for 'update' @ L16
May 01, 2020 1:03:06 PM com.google.cloud.datastore.emulator.impl.util.WrappedStreamObserver onError
INFO: operation failed: 
false for 'delete' @ L8, Service call error. Function: [get], Argument: [path_value {
  segments {
    simple: "databases"
  }
  segments {
    simple: "(default)"
  }
  segments {
    simple: "documents"
  }
  segments {
    simple: "users"
  }
  segments {
    simple: "danefilled"
  }
}
]. for 'delete' @ L17
May 01, 2020 1:03:06 PM com.google.cloud.datastore.emulator.impl.util.WrappedStreamObserver onError
INFO: operation failed: 
false for 'delete' @ L8, false for 'delete' @ L17
May 01, 2020 1:03:06 PM com.google.cloud.datastore.emulator.impl.util.WrappedStreamObserver onError
INFO: operation failed: 
false for 'create' @ L8, Null value error. for 'create' @ L18
